2015-11-17 10:58:38   [main] INFO  pl.java.scalatech.ThymeleafCamp - Starting ThymeleafCamp on przodownik-r1 with PID 16581 (/home/przodownik/blog/thymeleafCamp/bin started by przodownik in /home/przodownik/blog/thymeleafCamp) 
2015-11-17 10:58:42   [main] INFO  pl.java.scalatech.ThymeleafCamp - Company(super=AbstractEntity(id=1), name=Samsung, location=korea) 
2015-11-17 10:58:42   [main] INFO  pl.java.scalatech.ThymeleafCamp - Company(super=AbstractEntity(id=2), name=Everlast, location=usa) 
2015-11-17 10:58:42   [main] INFO  pl.java.scalatech.ThymeleafCamp - Company(super=AbstractEntity(id=3), name=yamaha, location=japan) 
2015-11-17 10:58:42   [main] INFO  pl.java.scalatech.ThymeleafCamp - Product(super=AbstractEntity(id=4), name=hammer, price=10, availability=true) 
2015-11-17 10:58:42   [main] INFO  pl.java.scalatech.ThymeleafCamp - Product(super=AbstractEntity(id=5), name=spoon, price=0.34, availability=false) 
2015-11-17 10:58:42   [main] INFO  pl.java.scalatech.ThymeleafCamp - Product(super=AbstractEntity(id=6), name=gun, price=123, availability=false) 
2015-11-17 10:58:42   [main] INFO  pl.java.scalatech.ThymeleafCamp - Product(super=AbstractEntity(id=7), name=fork, price=23, availability=true) 
2015-11-17 10:58:42   [main] INFO  pl.java.scalatech.ThymeleafCamp - Product(super=AbstractEntity(id=8), name=car, price=12345, availability=true) 
2015-11-17 10:58:42   [main] INFO  pl.java.scalatech.ThymeleafCamp - ++++++ roles !!!Role(super=AbstractEntity(id=9), role=USER) 
2015-11-17 10:58:42   [main] INFO  pl.java.scalatech.ThymeleafCamp - ++++++ roles !!!Role(super=AbstractEntity(id=10), role=ADMIN) 
2015-11-17 10:58:42   [main] INFO  pl.java.scalatech.ThymeleafCamp - ++++++ roles !!!Role(super=AbstractEntity(id=11), role=BUSINESS) 
2015-11-17 10:58:43   [main] INFO  pl.java.scalatech.ThymeleafCamp - Invoice(super=AbstractEntity(id=12), name=tools, paid=false, dateOfInvoice=Tue Nov 17 10:58:42 CET 2015, invoiceType=VAT) 
2015-11-17 10:58:43   [main] INFO  pl.java.scalatech.ThymeleafCamp - Invoice(super=AbstractEntity(id=13), name=grocery, paid=false, dateOfInvoice=Tue Nov 17 10:58:43 CET 2015, invoiceType=VAT) 
2015-11-17 10:58:43   [main] INFO  pl.java.scalatech.ThymeleafCamp - Invoice(super=AbstractEntity(id=14), name=shopping, paid=true, dateOfInvoice=Tue Nov 17 10:58:43 CET 2015, invoiceType=VAT) 
2015-11-17 10:58:43   [main] INFO  pl.java.scalatech.ThymeleafCamp - Invoice(super=AbstractEntity(id=15), name=petrolStation, paid=true, dateOfInvoice=Tue Nov 17 10:58:43 CET 2015, invoiceType=VAT) 
2015-11-17 10:58:43   [main] INFO  pl.java.scalatech.ThymeleafCamp - ++++!  role Role(super=AbstractEntity(id=9), role=USER) 
2015-11-17 10:58:43   [main] INFO  pl.java.scalatech.ThymeleafCamp - User(super=AbstractEntity(id=16), firstname=slawek, lastName=borowiec, email=przodownik@tlen.pl, login=przodownik, password=123, roles=[Role(super=AbstractEntity(id=9), role=USER)], ownInvoice=[Invoice(super=AbstractEntity(id=13), name=grocery, paid=false, dateOfInvoice=2015-11-17 10:58:43.064, invoiceType=VAT)], company=Company(super=AbstractEntity(id=1), name=Samsung, location=korea)) 
2015-11-17 10:58:43   [main] INFO  pl.java.scalatech.ThymeleafCamp - ++++!  role Role(super=AbstractEntity(id=9), role=USER) 
2015-11-17 10:58:43   [main] INFO  pl.java.scalatech.ThymeleafCamp - User(super=AbstractEntity(id=17), firstname=agnieszka, lastName=borowiec, email=borowiecA@tlen.pl, login=poka, password=123, roles=[Role(super=AbstractEntity(id=9), role=USER)], ownInvoice=[Invoice(super=AbstractEntity(id=13), name=grocery, paid=false, dateOfInvoice=2015-11-17 10:58:43.064, invoiceType=VAT)], company=Company(super=AbstractEntity(id=2), name=Everlast, location=usa)) 
2015-11-17 10:58:43   [main] INFO  pl.java.scalatech.ThymeleafCamp - ++++!  role Role(super=AbstractEntity(id=9), role=USER) 
2015-11-17 10:58:43   [main] INFO  pl.java.scalatech.ThymeleafCamp - User(super=AbstractEntity(id=18), firstname=kalina, lastName=borowiec, email=bbak@tlen.pl, login=bak, password=123, roles=[Role(super=AbstractEntity(id=9), role=USER)], ownInvoice=[Invoice(super=AbstractEntity(id=15), name=petrolStation, paid=true, dateOfInvoice=2015-11-17 10:58:43.07, invoiceType=VAT), Invoice(super=AbstractEntity(id=12), name=tools, paid=false, dateOfInvoice=2015-11-17 10:58:42.963, invoiceType=VAT)], company=Company(super=AbstractEntity(id=3), name=yamaha, location=japan)) 
2015-11-17 10:58:43   [main] INFO  pl.java.scalatech.ThymeleafCamp - ++++!  role Role(super=AbstractEntity(id=9), role=USER) 
2015-11-17 10:58:43   [main] INFO  pl.java.scalatech.ThymeleafCamp - User(super=AbstractEntity(id=19), firstname=piotr, lastName=kowalski, email=pkowalski@google.com, login=kowalski, password=123, roles=[Role(super=AbstractEntity(id=9), role=USER)], ownInvoice=[Invoice(super=AbstractEntity(id=14), name=shopping, paid=true, dateOfInvoice=2015-11-17 10:58:43.066, invoiceType=VAT)], company=Company(super=AbstractEntity(id=2), name=Everlast, location=usa)) 
2015-11-17 10:58:43   [main] INFO  pl.java.scalatech.ThymeleafCamp - Started ThymeleafCamp in 5.116 seconds (JVM running for 5.482) 
2015-11-17 11:00:05   [main] INFO  pl.java.scalatech.ThymeleafCamp - Starting ThymeleafCamp on przodownik-r1 with PID 16976 (/home/przodownik/blog/thymeleafCamp/bin started by przodownik in /home/przodownik/blog/thymeleafCamp) 
2015-11-17 11:00:09   [main] INFO  pl.java.scalatech.ThymeleafCamp - Company(super=AbstractEntity(id=1), name=Samsung, location=korea) 
2015-11-17 11:00:09   [main] INFO  pl.java.scalatech.ThymeleafCamp - Company(super=AbstractEntity(id=2), name=Everlast, location=usa) 
2015-11-17 11:00:09   [main] INFO  pl.java.scalatech.ThymeleafCamp - Company(super=AbstractEntity(id=3), name=yamaha, location=japan) 
2015-11-17 11:00:09   [main] INFO  pl.java.scalatech.ThymeleafCamp - Product(super=AbstractEntity(id=4), name=hammer, price=10, availability=true) 
2015-11-17 11:00:09   [main] INFO  pl.java.scalatech.ThymeleafCamp - Product(super=AbstractEntity(id=5), name=spoon, price=0.34, availability=false) 
2015-11-17 11:00:09   [main] INFO  pl.java.scalatech.ThymeleafCamp - Product(super=AbstractEntity(id=6), name=gun, price=123, availability=false) 
2015-11-17 11:00:09   [main] INFO  pl.java.scalatech.ThymeleafCamp - Product(super=AbstractEntity(id=7), name=fork, price=23, availability=true) 
2015-11-17 11:00:09   [main] INFO  pl.java.scalatech.ThymeleafCamp - Product(super=AbstractEntity(id=8), name=car, price=12345, availability=true) 
2015-11-17 11:00:09   [main] INFO  pl.java.scalatech.ThymeleafCamp - ++++++ roles !!!Role(super=AbstractEntity(id=9), role=USER) 
2015-11-17 11:00:09   [main] INFO  pl.java.scalatech.ThymeleafCamp - ++++++ roles !!!Role(super=AbstractEntity(id=10), role=ADMIN) 
2015-11-17 11:00:09   [main] INFO  pl.java.scalatech.ThymeleafCamp - ++++++ roles !!!Role(super=AbstractEntity(id=11), role=BUSINESS) 
2015-11-17 11:00:10   [main] INFO  pl.java.scalatech.ThymeleafCamp - Invoice(super=AbstractEntity(id=12), name=tools, paid=false, dateOfInvoice=Tue Nov 17 11:00:09 CET 2015, invoiceType=VAT) 
2015-11-17 11:00:10   [main] INFO  pl.java.scalatech.ThymeleafCamp - Invoice(super=AbstractEntity(id=13), name=grocery, paid=false, dateOfInvoice=Tue Nov 17 11:00:10 CET 2015, invoiceType=VAT) 
2015-11-17 11:00:10   [main] INFO  pl.java.scalatech.ThymeleafCamp - Invoice(super=AbstractEntity(id=14), name=shopping, paid=true, dateOfInvoice=Tue Nov 17 11:00:10 CET 2015, invoiceType=VAT) 
2015-11-17 11:00:10   [main] INFO  pl.java.scalatech.ThymeleafCamp - Invoice(super=AbstractEntity(id=15), name=petrolStation, paid=true, dateOfInvoice=Tue Nov 17 11:00:10 CET 2015, invoiceType=VAT) 
2015-11-17 11:00:10   [main] INFO  pl.java.scalatech.ThymeleafCamp - ++++!  role Role(super=AbstractEntity(id=9), role=USER) 
2015-11-17 11:00:10   [main] INFO  pl.java.scalatech.ThymeleafCamp - User(super=AbstractEntity(id=16), firstname=slawek, lastName=borowiec, email=przodownik@tlen.pl, login=przodownik, password=123, roles=[Role(super=AbstractEntity(id=9), role=USER)], ownInvoice=[Invoice(super=AbstractEntity(id=13), name=grocery, paid=false, dateOfInvoice=2015-11-17 11:00:10.002, invoiceType=VAT)], company=Company(super=AbstractEntity(id=1), name=Samsung, location=korea)) 
2015-11-17 11:00:10   [main] INFO  pl.java.scalatech.ThymeleafCamp - ++++!  role Role(super=AbstractEntity(id=9), role=USER) 
2015-11-17 11:00:10   [main] INFO  pl.java.scalatech.ThymeleafCamp - User(super=AbstractEntity(id=17), firstname=agnieszka, lastName=borowiec, email=borowiecA@tlen.pl, login=poka, password=123, roles=[Role(super=AbstractEntity(id=9), role=USER)], ownInvoice=[Invoice(super=AbstractEntity(id=13), name=grocery, paid=false, dateOfInvoice=2015-11-17 11:00:10.002, invoiceType=VAT)], company=Company(super=AbstractEntity(id=2), name=Everlast, location=usa)) 
2015-11-17 11:00:10   [main] INFO  pl.java.scalatech.ThymeleafCamp - ++++!  role Role(super=AbstractEntity(id=9), role=USER) 
2015-11-17 11:00:10   [main] INFO  pl.java.scalatech.ThymeleafCamp - User(super=AbstractEntity(id=18), firstname=kalina, lastName=borowiec, email=bbak@tlen.pl, login=bak, password=123, roles=[Role(super=AbstractEntity(id=9), role=USER)], ownInvoice=[Invoice(super=AbstractEntity(id=15), name=petrolStation, paid=true, dateOfInvoice=2015-11-17 11:00:10.008, invoiceType=VAT), Invoice(super=AbstractEntity(id=12), name=tools, paid=false, dateOfInvoice=2015-11-17 11:00:09.884, invoiceType=VAT)], company=Company(super=AbstractEntity(id=3), name=yamaha, location=japan)) 
2015-11-17 11:00:10   [main] INFO  pl.java.scalatech.ThymeleafCamp - ++++!  role Role(super=AbstractEntity(id=9), role=USER) 
2015-11-17 11:00:10   [main] INFO  pl.java.scalatech.ThymeleafCamp - User(super=AbstractEntity(id=19), firstname=piotr, lastName=kowalski, email=pkowalski@google.com, login=kowalski, password=123, roles=[Role(super=AbstractEntity(id=9), role=USER)], ownInvoice=[Invoice(super=AbstractEntity(id=14), name=shopping, paid=true, dateOfInvoice=2015-11-17 11:00:10.005, invoiceType=VAT)], company=Company(super=AbstractEntity(id=2), name=Everlast, location=usa)) 
2015-11-17 11:00:10   [main] INFO  pl.java.scalatech.ThymeleafCamp - Started ThymeleafCamp in 4.787 seconds (JVM running for 5.153) 
2015-11-17 11:00:41   [main] INFO  pl.java.scalatech.ThymeleafCamp - Starting ThymeleafCamp on przodownik-r1 with PID 17105 (/home/przodownik/blog/thymeleafCamp/bin started by przodownik in /home/przodownik/blog/thymeleafCamp) 
2015-11-17 11:00:45   [main] INFO  pl.java.scalatech.ThymeleafCamp - Company(super=AbstractEntity(id=1), name=Samsung, location=korea) 
2015-11-17 11:00:45   [main] INFO  pl.java.scalatech.ThymeleafCamp - Company(super=AbstractEntity(id=2), name=Everlast, location=usa) 
2015-11-17 11:00:45   [main] INFO  pl.java.scalatech.ThymeleafCamp - Company(super=AbstractEntity(id=3), name=yamaha, location=japan) 
2015-11-17 11:00:45   [main] INFO  pl.java.scalatech.ThymeleafCamp - Product(super=AbstractEntity(id=4), name=hammer, price=10, availability=true) 
2015-11-17 11:00:45   [main] INFO  pl.java.scalatech.ThymeleafCamp - Product(super=AbstractEntity(id=5), name=spoon, price=0.34, availability=false) 
2015-11-17 11:00:45   [main] INFO  pl.java.scalatech.ThymeleafCamp - Product(super=AbstractEntity(id=6), name=gun, price=123, availability=false) 
2015-11-17 11:00:45   [main] INFO  pl.java.scalatech.ThymeleafCamp - Product(super=AbstractEntity(id=7), name=fork, price=23, availability=true) 
2015-11-17 11:00:45   [main] INFO  pl.java.scalatech.ThymeleafCamp - Product(super=AbstractEntity(id=8), name=car, price=12345, availability=true) 
2015-11-17 11:00:45   [main] INFO  pl.java.scalatech.ThymeleafCamp - ++++++ roles !!!Role(super=AbstractEntity(id=9), role=USER) 
2015-11-17 11:00:45   [main] INFO  pl.java.scalatech.ThymeleafCamp - ++++++ roles !!!Role(super=AbstractEntity(id=10), role=ADMIN) 
2015-11-17 11:00:45   [main] INFO  pl.java.scalatech.ThymeleafCamp - ++++++ roles !!!Role(super=AbstractEntity(id=11), role=BUSINESS) 
2015-11-17 11:00:46   [main] INFO  pl.java.scalatech.ThymeleafCamp - Invoice(super=AbstractEntity(id=12), name=tools, paid=false, dateOfInvoice=Tue Nov 17 11:00:45 CET 2015, invoiceType=VAT) 
2015-11-17 11:00:46   [main] INFO  pl.java.scalatech.ThymeleafCamp - Invoice(super=AbstractEntity(id=13), name=grocery, paid=false, dateOfInvoice=Tue Nov 17 11:00:46 CET 2015, invoiceType=VAT) 
2015-11-17 11:00:46   [main] INFO  pl.java.scalatech.ThymeleafCamp - Invoice(super=AbstractEntity(id=14), name=shopping, paid=true, dateOfInvoice=Tue Nov 17 11:00:46 CET 2015, invoiceType=VAT) 
2015-11-17 11:00:46   [main] INFO  pl.java.scalatech.ThymeleafCamp - Invoice(super=AbstractEntity(id=15), name=petrolStation, paid=true, dateOfInvoice=Tue Nov 17 11:00:46 CET 2015, invoiceType=VAT) 
2015-11-17 11:00:46   [main] INFO  pl.java.scalatech.ThymeleafCamp - ++++!  role Role(super=AbstractEntity(id=9), role=USER) 
2015-11-17 11:00:46   [main] INFO  pl.java.scalatech.ThymeleafCamp - User(super=AbstractEntity(id=16), firstname=slawek, lastName=borowiec, email=przodownik@tlen.pl, login=przodownik, password=123, roles=[Role(super=AbstractEntity(id=9), role=USER)], ownInvoice=[Invoice(super=AbstractEntity(id=13), name=grocery, paid=false, dateOfInvoice=2015-11-17 11:00:46.111, invoiceType=VAT)], company=Company(super=AbstractEntity(id=1), name=Samsung, location=korea)) 
2015-11-17 11:00:46   [main] INFO  pl.java.scalatech.ThymeleafCamp - ++++!  role Role(super=AbstractEntity(id=9), role=USER) 
2015-11-17 11:00:46   [main] INFO  pl.java.scalatech.ThymeleafCamp - User(super=AbstractEntity(id=17), firstname=agnieszka, lastName=borowiec, email=borowiecA@tlen.pl, login=poka, password=123, roles=[Role(super=AbstractEntity(id=9), role=USER)], ownInvoice=[Invoice(super=AbstractEntity(id=13), name=grocery, paid=false, dateOfInvoice=2015-11-17 11:00:46.111, invoiceType=VAT)], company=Company(super=AbstractEntity(id=2), name=Everlast, location=usa)) 
2015-11-17 11:00:46   [main] INFO  pl.java.scalatech.ThymeleafCamp - ++++!  role Role(super=AbstractEntity(id=9), role=USER) 
2015-11-17 11:00:46   [main] INFO  pl.java.scalatech.ThymeleafCamp - User(super=AbstractEntity(id=18), firstname=kalina, lastName=borowiec, email=bbak@tlen.pl, login=bak, password=123, roles=[Role(super=AbstractEntity(id=9), role=USER)], ownInvoice=[Invoice(super=AbstractEntity(id=15), name=petrolStation, paid=true, dateOfInvoice=2015-11-17 11:00:46.115, invoiceType=VAT), Invoice(super=AbstractEntity(id=12), name=tools, paid=false, dateOfInvoice=2015-11-17 11:00:45.984, invoiceType=VAT)], company=Company(super=AbstractEntity(id=3), name=yamaha, location=japan)) 
2015-11-17 11:00:46   [main] INFO  pl.java.scalatech.ThymeleafCamp - ++++!  role Role(super=AbstractEntity(id=9), role=USER) 
2015-11-17 11:00:46   [main] INFO  pl.java.scalatech.ThymeleafCamp - User(super=AbstractEntity(id=19), firstname=piotr, lastName=kowalski, email=pkowalski@google.com, login=kowalski, password=123, roles=[Role(super=AbstractEntity(id=9), role=USER)], ownInvoice=[Invoice(super=AbstractEntity(id=14), name=shopping, paid=true, dateOfInvoice=2015-11-17 11:00:46.113, invoiceType=VAT)], company=Company(super=AbstractEntity(id=2), name=Everlast, location=usa)) 
2015-11-17 11:00:46   [main] INFO  pl.java.scalatech.ThymeleafCamp - Started ThymeleafCamp in 4.764 seconds (JVM running for 5.185) 
2015-11-17 11:05:29   [main] INFO  pl.java.scalatech.ThymeleafCamp - Starting ThymeleafCamp on przodownik-r1 with PID 17743 (/home/przodownik/blog/thymeleafCamp/bin started by przodownik in /home/przodownik/blog/thymeleafCamp) 
2015-11-17 11:05:33   [main] INFO  pl.java.scalatech.ThymeleafCamp - Company(super=AbstractEntity(id=1), name=Samsung, location=korea) 
2015-11-17 11:05:33   [main] INFO  pl.java.scalatech.ThymeleafCamp - Company(super=AbstractEntity(id=2), name=Everlast, location=usa) 
2015-11-17 11:05:33   [main] INFO  pl.java.scalatech.ThymeleafCamp - Company(super=AbstractEntity(id=3), name=yamaha, location=japan) 
2015-11-17 11:05:33   [main] INFO  pl.java.scalatech.ThymeleafCamp - Product(super=AbstractEntity(id=4), name=hammer, price=10, availability=true) 
2015-11-17 11:05:33   [main] INFO  pl.java.scalatech.ThymeleafCamp - Product(super=AbstractEntity(id=5), name=spoon, price=0.34, availability=false) 
2015-11-17 11:05:33   [main] INFO  pl.java.scalatech.ThymeleafCamp - Product(super=AbstractEntity(id=6), name=gun, price=123, availability=false) 
2015-11-17 11:05:33   [main] INFO  pl.java.scalatech.ThymeleafCamp - Product(super=AbstractEntity(id=7), name=fork, price=23, availability=true) 
2015-11-17 11:05:33   [main] INFO  pl.java.scalatech.ThymeleafCamp - Product(super=AbstractEntity(id=8), name=car, price=12345, availability=true) 
2015-11-17 11:05:33   [main] INFO  pl.java.scalatech.ThymeleafCamp - ++++++ roles !!!Role(super=AbstractEntity(id=9), role=USER) 
2015-11-17 11:05:33   [main] INFO  pl.java.scalatech.ThymeleafCamp - ++++++ roles !!!Role(super=AbstractEntity(id=10), role=ADMIN) 
2015-11-17 11:05:33   [main] INFO  pl.java.scalatech.ThymeleafCamp - ++++++ roles !!!Role(super=AbstractEntity(id=11), role=BUSINESS) 
2015-11-17 11:05:33   [main] INFO  pl.java.scalatech.ThymeleafCamp - Invoice(super=AbstractEntity(id=12), name=tools, paid=false, dateOfInvoice=Tue Nov 17 11:05:33 CET 2015, invoiceType=VAT) 
2015-11-17 11:05:33   [main] INFO  pl.java.scalatech.ThymeleafCamp - Invoice(super=AbstractEntity(id=13), name=grocery, paid=false, dateOfInvoice=Tue Nov 17 11:05:33 CET 2015, invoiceType=VAT) 
2015-11-17 11:05:33   [main] INFO  pl.java.scalatech.ThymeleafCamp - Invoice(super=AbstractEntity(id=14), name=shopping, paid=true, dateOfInvoice=Tue Nov 17 11:05:33 CET 2015, invoiceType=VAT) 
2015-11-17 11:05:33   [main] INFO  pl.java.scalatech.ThymeleafCamp - Invoice(super=AbstractEntity(id=15), name=petrolStation, paid=true, dateOfInvoice=Tue Nov 17 11:05:33 CET 2015, invoiceType=VAT) 
2015-11-17 11:05:33   [main] INFO  pl.java.scalatech.ThymeleafCamp - ++++!  role Role(super=AbstractEntity(id=9), role=USER) 
2015-11-17 11:05:33   [main] INFO  pl.java.scalatech.ThymeleafCamp - User(super=AbstractEntity(id=16), firstname=slawek, lastName=borowiec, email=przodownik@tlen.pl, login=przodownik, password=123, roles=[Role(super=AbstractEntity(id=9), role=USER)], ownInvoice=[Invoice(super=AbstractEntity(id=13), name=grocery, paid=false, dateOfInvoice=2015-11-17 11:05:33.655, invoiceType=VAT)], company=Company(super=AbstractEntity(id=1), name=Samsung, location=korea)) 
2015-11-17 11:05:33   [main] INFO  pl.java.scalatech.ThymeleafCamp - ++++!  role Role(super=AbstractEntity(id=9), role=USER) 
2015-11-17 11:05:33   [main] INFO  pl.java.scalatech.ThymeleafCamp - User(super=AbstractEntity(id=17), firstname=agnieszka, lastName=borowiec, email=borowiecA@tlen.pl, login=poka, password=123, roles=[Role(super=AbstractEntity(id=9), role=USER)], ownInvoice=[Invoice(super=AbstractEntity(id=13), name=grocery, paid=false, dateOfInvoice=2015-11-17 11:05:33.655, invoiceType=VAT)], company=Company(super=AbstractEntity(id=2), name=Everlast, location=usa)) 
2015-11-17 11:05:33   [main] INFO  pl.java.scalatech.ThymeleafCamp - ++++!  role Role(super=AbstractEntity(id=9), role=USER) 
2015-11-17 11:05:33   [main] INFO  pl.java.scalatech.ThymeleafCamp - User(super=AbstractEntity(id=18), firstname=kalina, lastName=borowiec, email=bbak@tlen.pl, login=bak, password=123, roles=[Role(super=AbstractEntity(id=9), role=USER)], ownInvoice=[Invoice(super=AbstractEntity(id=15), name=petrolStation, paid=true, dateOfInvoice=2015-11-17 11:05:33.66, invoiceType=VAT), Invoice(super=AbstractEntity(id=12), name=tools, paid=false, dateOfInvoice=2015-11-17 11:05:33.543, invoiceType=VAT)], company=Company(super=AbstractEntity(id=3), name=yamaha, location=japan)) 
2015-11-17 11:05:33   [main] INFO  pl.java.scalatech.ThymeleafCamp - ++++!  role Role(super=AbstractEntity(id=9), role=USER) 
2015-11-17 11:05:33   [main] INFO  pl.java.scalatech.ThymeleafCamp - User(super=AbstractEntity(id=19), firstname=piotr, lastName=kowalski, email=pkowalski@google.com, login=kowalski, password=123, roles=[Role(super=AbstractEntity(id=9), role=USER)], ownInvoice=[Invoice(super=AbstractEntity(id=14), name=shopping, paid=true, dateOfInvoice=2015-11-17 11:05:33.658, invoiceType=VAT)], company=Company(super=AbstractEntity(id=2), name=Everlast, location=usa)) 
2015-11-17 11:05:33   [main] INFO  pl.java.scalatech.ThymeleafCamp - Started ThymeleafCamp in 4.394 seconds (JVM running for 4.753) 
2015-11-17 11:08:15   [main] INFO  pl.java.scalatech.ThymeleafCamp - Starting ThymeleafCamp on przodownik-r1 with PID 18294 (/home/przodownik/blog/thymeleafCamp/bin started by przodownik in /home/przodownik/blog/thymeleafCamp) 
2015-11-17 11:08:19   [main] INFO  pl.java.scalatech.ThymeleafCamp - Company(super=AbstractEntity(id=1), name=Samsung, location=korea) 
2015-11-17 11:08:19   [main] INFO  pl.java.scalatech.ThymeleafCamp - Company(super=AbstractEntity(id=2), name=Everlast, location=usa) 
2015-11-17 11:08:19   [main] INFO  pl.java.scalatech.ThymeleafCamp - Company(super=AbstractEntity(id=3), name=yamaha, location=japan) 
2015-11-17 11:08:19   [main] INFO  pl.java.scalatech.ThymeleafCamp - Product(super=AbstractEntity(id=4), name=hammer, price=10, availability=true) 
2015-11-17 11:08:19   [main] INFO  pl.java.scalatech.ThymeleafCamp - Product(super=AbstractEntity(id=5), name=spoon, price=0.34, availability=false) 
2015-11-17 11:08:19   [main] INFO  pl.java.scalatech.ThymeleafCamp - Product(super=AbstractEntity(id=6), name=gun, price=123, availability=false) 
2015-11-17 11:08:19   [main] INFO  pl.java.scalatech.ThymeleafCamp - Product(super=AbstractEntity(id=7), name=fork, price=23, availability=true) 
2015-11-17 11:08:19   [main] INFO  pl.java.scalatech.ThymeleafCamp - Product(super=AbstractEntity(id=8), name=car, price=12345, availability=true) 
2015-11-17 11:08:19   [main] INFO  pl.java.scalatech.ThymeleafCamp - ++++++ roles !!!Role(super=AbstractEntity(id=9), role=USER) 
2015-11-17 11:08:19   [main] INFO  pl.java.scalatech.ThymeleafCamp - ++++++ roles !!!Role(super=AbstractEntity(id=10), role=ADMIN) 
2015-11-17 11:08:19   [main] INFO  pl.java.scalatech.ThymeleafCamp - ++++++ roles !!!Role(super=AbstractEntity(id=11), role=BUSINESS) 
2015-11-17 11:08:19   [main] INFO  pl.java.scalatech.ThymeleafCamp - Invoice(super=AbstractEntity(id=12), name=tools, paid=false, dateOfInvoice=Tue Nov 17 11:08:19 CET 2015, invoiceType=VAT) 
2015-11-17 11:08:19   [main] INFO  pl.java.scalatech.ThymeleafCamp - Invoice(super=AbstractEntity(id=13), name=grocery, paid=false, dateOfInvoice=Tue Nov 17 11:08:19 CET 2015, invoiceType=VAT) 
2015-11-17 11:08:19   [main] INFO  pl.java.scalatech.ThymeleafCamp - Invoice(super=AbstractEntity(id=14), name=shopping, paid=true, dateOfInvoice=Tue Nov 17 11:08:19 CET 2015, invoiceType=VAT) 
2015-11-17 11:08:19   [main] INFO  pl.java.scalatech.ThymeleafCamp - Invoice(super=AbstractEntity(id=15), name=petrolStation, paid=true, dateOfInvoice=Tue Nov 17 11:08:19 CET 2015, invoiceType=VAT) 
2015-11-17 11:08:19   [main] INFO  pl.java.scalatech.ThymeleafCamp - ++++!  role Role(super=AbstractEntity(id=9), role=USER) 
2015-11-17 11:08:19   [main] INFO  pl.java.scalatech.ThymeleafCamp - User(super=AbstractEntity(id=16), firstname=slawek, lastName=borowiec, email=przodownik@tlen.pl, login=przodownik, password=123, roles=[Role(super=AbstractEntity(id=9), role=USER)], ownInvoice=[Invoice(super=AbstractEntity(id=13), name=grocery, paid=false, dateOfInvoice=2015-11-17 11:08:19.629, invoiceType=VAT)], company=Company(super=AbstractEntity(id=1), name=Samsung, location=korea)) 
2015-11-17 11:08:19   [main] INFO  pl.java.scalatech.ThymeleafCamp - ++++!  role Role(super=AbstractEntity(id=9), role=USER) 
2015-11-17 11:08:19   [main] INFO  pl.java.scalatech.ThymeleafCamp - User(super=AbstractEntity(id=17), firstname=agnieszka, lastName=borowiec, email=borowiecA@tlen.pl, login=poka, password=123, roles=[Role(super=AbstractEntity(id=9), role=USER)], ownInvoice=[Invoice(super=AbstractEntity(id=13), name=grocery, paid=false, dateOfInvoice=2015-11-17 11:08:19.629, invoiceType=VAT)], company=Company(super=AbstractEntity(id=2), name=Everlast, location=usa)) 
2015-11-17 11:08:19   [main] INFO  pl.java.scalatech.ThymeleafCamp - ++++!  role Role(super=AbstractEntity(id=9), role=USER) 
2015-11-17 11:08:19   [main] INFO  pl.java.scalatech.ThymeleafCamp - User(super=AbstractEntity(id=18), firstname=kalina, lastName=borowiec, email=bbak@tlen.pl, login=bak, password=123, roles=[Role(super=AbstractEntity(id=9), role=USER)], ownInvoice=[Invoice(super=AbstractEntity(id=15), name=petrolStation, paid=true, dateOfInvoice=2015-11-17 11:08:19.633, invoiceType=VAT), Invoice(super=AbstractEntity(id=12), name=tools, paid=false, dateOfInvoice=2015-11-17 11:08:19.53, invoiceType=VAT)], company=Company(super=AbstractEntity(id=3), name=yamaha, location=japan)) 
2015-11-17 11:08:19   [main] INFO  pl.java.scalatech.ThymeleafCamp - ++++!  role Role(super=AbstractEntity(id=9), role=USER) 
2015-11-17 11:08:19   [main] INFO  pl.java.scalatech.ThymeleafCamp - User(super=AbstractEntity(id=19), firstname=piotr, lastName=kowalski, email=pkowalski@google.com, login=kowalski, password=123, roles=[Role(super=AbstractEntity(id=9), role=USER)], ownInvoice=[Invoice(super=AbstractEntity(id=14), name=shopping, paid=true, dateOfInvoice=2015-11-17 11:08:19.631, invoiceType=VAT)], company=Company(super=AbstractEntity(id=2), name=Everlast, location=usa)) 
2015-11-17 11:08:19   [main] INFO  pl.java.scalatech.ThymeleafCamp - Started ThymeleafCamp in 3.994 seconds (JVM running for 4.331) 
2015-11-17 11:14:07   [main] INFO  pl.java.scalatech.ThymeleafCamp - Starting ThymeleafCamp on przodownik-r1 with PID 18514 (/home/przodownik/blog/thymeleafCamp/bin started by przodownik in /home/przodownik/blog/thymeleafCamp) 
2015-11-17 11:14:11   [main] INFO  pl.java.scalatech.ThymeleafCamp - Company(super=AbstractEntity(id=1), name=Samsung, location=korea) 
2015-11-17 11:14:11   [main] INFO  pl.java.scalatech.ThymeleafCamp - Company(super=AbstractEntity(id=2), name=Everlast, location=usa) 
2015-11-17 11:14:11   [main] INFO  pl.java.scalatech.ThymeleafCamp - Company(super=AbstractEntity(id=3), name=yamaha, location=japan) 
2015-11-17 11:14:11   [main] INFO  pl.java.scalatech.ThymeleafCamp - Product(super=AbstractEntity(id=4), name=hammer, price=10, availability=true) 
2015-11-17 11:14:11   [main] INFO  pl.java.scalatech.ThymeleafCamp - Product(super=AbstractEntity(id=5), name=spoon, price=0.34, availability=false) 
2015-11-17 11:14:11   [main] INFO  pl.java.scalatech.ThymeleafCamp - Product(super=AbstractEntity(id=6), name=gun, price=123, availability=false) 
2015-11-17 11:14:11   [main] INFO  pl.java.scalatech.ThymeleafCamp - Product(super=AbstractEntity(id=7), name=fork, price=23, availability=true) 
2015-11-17 11:14:11   [main] INFO  pl.java.scalatech.ThymeleafCamp - Product(super=AbstractEntity(id=8), name=car, price=12345, availability=true) 
2015-11-17 11:14:11   [main] INFO  pl.java.scalatech.ThymeleafCamp - ++++++ roles !!!Role(super=AbstractEntity(id=9), role=USER) 
2015-11-17 11:14:11   [main] INFO  pl.java.scalatech.ThymeleafCamp - ++++++ roles !!!Role(super=AbstractEntity(id=10), role=ADMIN) 
2015-11-17 11:14:11   [main] INFO  pl.java.scalatech.ThymeleafCamp - ++++++ roles !!!Role(super=AbstractEntity(id=11), role=BUSINESS) 
2015-11-17 11:14:11   [main] INFO  pl.java.scalatech.ThymeleafCamp - Invoice(super=AbstractEntity(id=12), name=tools, paid=false, dateOfInvoice=Tue Nov 17 11:14:11 CET 2015, invoiceType=VAT) 
2015-11-17 11:14:11   [main] INFO  pl.java.scalatech.ThymeleafCamp - Invoice(super=AbstractEntity(id=13), name=grocery, paid=false, dateOfInvoice=Tue Nov 17 11:14:11 CET 2015, invoiceType=VAT) 
2015-11-17 11:14:11   [main] INFO  pl.java.scalatech.ThymeleafCamp - Invoice(super=AbstractEntity(id=14), name=shopping, paid=true, dateOfInvoice=Tue Nov 17 11:14:11 CET 2015, invoiceType=VAT) 
2015-11-17 11:14:11   [main] INFO  pl.java.scalatech.ThymeleafCamp - Invoice(super=AbstractEntity(id=15), name=petrolStation, paid=true, dateOfInvoice=Tue Nov 17 11:14:11 CET 2015, invoiceType=VAT) 
2015-11-17 11:14:11   [main] INFO  pl.java.scalatech.ThymeleafCamp - ++++!  role Role(super=AbstractEntity(id=9), role=USER) 
2015-11-17 11:14:11   [main] INFO  pl.java.scalatech.ThymeleafCamp - User(super=AbstractEntity(id=16), firstname=slawek, lastName=borowiec, email=przodownik@tlen.pl, login=przodownik, password=123, roles=[Role(super=AbstractEntity(id=9), role=USER)], ownInvoice=[Invoice(super=AbstractEntity(id=13), name=grocery, paid=false, dateOfInvoice=2015-11-17 11:14:11.393, invoiceType=VAT)], company=Company(super=AbstractEntity(id=1), name=Samsung, location=korea)) 
2015-11-17 11:14:11   [main] INFO  pl.java.scalatech.ThymeleafCamp - ++++!  role Role(super=AbstractEntity(id=9), role=USER) 
2015-11-17 11:14:11   [main] INFO  pl.java.scalatech.ThymeleafCamp - User(super=AbstractEntity(id=17), firstname=agnieszka, lastName=borowiec, email=borowiecA@tlen.pl, login=poka, password=123, roles=[Role(super=AbstractEntity(id=9), role=USER)], ownInvoice=[Invoice(super=AbstractEntity(id=13), name=grocery, paid=false, dateOfInvoice=2015-11-17 11:14:11.393, invoiceType=VAT)], company=Company(super=AbstractEntity(id=2), name=Everlast, location=usa)) 
2015-11-17 11:14:11   [main] INFO  pl.java.scalatech.ThymeleafCamp - ++++!  role Role(super=AbstractEntity(id=9), role=USER) 
2015-11-17 11:14:11   [main] INFO  pl.java.scalatech.ThymeleafCamp - User(super=AbstractEntity(id=18), firstname=kalina, lastName=borowiec, email=bbak@tlen.pl, login=bak, password=123, roles=[Role(super=AbstractEntity(id=9), role=USER)], ownInvoice=[Invoice(super=AbstractEntity(id=15), name=petrolStation, paid=true, dateOfInvoice=2015-11-17 11:14:11.397, invoiceType=VAT), Invoice(super=AbstractEntity(id=12), name=tools, paid=false, dateOfInvoice=2015-11-17 11:14:11.273, invoiceType=VAT)], company=Company(super=AbstractEntity(id=3), name=yamaha, location=japan)) 
2015-11-17 11:14:11   [main] INFO  pl.java.scalatech.ThymeleafCamp - ++++!  role Role(super=AbstractEntity(id=9), role=USER) 
2015-11-17 11:14:11   [main] INFO  pl.java.scalatech.ThymeleafCamp - User(super=AbstractEntity(id=19), firstname=piotr, lastName=kowalski, email=pkowalski@google.com, login=kowalski, password=123, roles=[Role(super=AbstractEntity(id=9), role=USER)], ownInvoice=[Invoice(super=AbstractEntity(id=14), name=shopping, paid=true, dateOfInvoice=2015-11-17 11:14:11.395, invoiceType=VAT)], company=Company(super=AbstractEntity(id=2), name=Everlast, location=usa)) 
2015-11-17 11:14:11   [main] INFO  pl.java.scalatech.ThymeleafCamp - Started ThymeleafCamp in 4.615 seconds (JVM running for 4.963) 
2015-11-17 11:14:16   [http-nio-9111-exec-1] INFO  p.j.s.w.c.HelloWorldController - +++  hello.world 
2015-11-17 11:15:19   [main] INFO  pl.java.scalatech.ThymeleafCamp - Starting ThymeleafCamp on przodownik-r1 with PID 18592 (/home/przodownik/blog/thymeleafCamp/bin started by przodownik in /home/przodownik/blog/thymeleafCamp) 
2015-11-17 11:15:23   [main] INFO  pl.java.scalatech.ThymeleafCamp - Company(super=AbstractEntity(id=1), name=Samsung, location=korea) 
2015-11-17 11:15:23   [main] INFO  pl.java.scalatech.ThymeleafCamp - Company(super=AbstractEntity(id=2), name=Everlast, location=usa) 
2015-11-17 11:15:23   [main] INFO  pl.java.scalatech.ThymeleafCamp - Company(super=AbstractEntity(id=3), name=yamaha, location=japan) 
2015-11-17 11:15:23   [main] INFO  pl.java.scalatech.ThymeleafCamp - Product(super=AbstractEntity(id=4), name=hammer, price=10, availability=true) 
2015-11-17 11:15:23   [main] INFO  pl.java.scalatech.ThymeleafCamp - Product(super=AbstractEntity(id=5), name=spoon, price=0.34, availability=false) 
2015-11-17 11:15:23   [main] INFO  pl.java.scalatech.ThymeleafCamp - Product(super=AbstractEntity(id=6), name=gun, price=123, availability=false) 
2015-11-17 11:15:23   [main] INFO  pl.java.scalatech.ThymeleafCamp - Product(super=AbstractEntity(id=7), name=fork, price=23, availability=true) 
2015-11-17 11:15:23   [main] INFO  pl.java.scalatech.ThymeleafCamp - Product(super=AbstractEntity(id=8), name=car, price=12345, availability=true) 
2015-11-17 11:15:23   [main] INFO  pl.java.scalatech.ThymeleafCamp - ++++++ roles !!!Role(super=AbstractEntity(id=9), role=USER) 
2015-11-17 11:15:23   [main] INFO  pl.java.scalatech.ThymeleafCamp - ++++++ roles !!!Role(super=AbstractEntity(id=10), role=ADMIN) 
2015-11-17 11:15:23   [main] INFO  pl.java.scalatech.ThymeleafCamp - ++++++ roles !!!Role(super=AbstractEntity(id=11), role=BUSINESS) 
2015-11-17 11:15:23   [main] INFO  pl.java.scalatech.ThymeleafCamp - Invoice(super=AbstractEntity(id=12), name=tools, paid=false, dateOfInvoice=Tue Nov 17 11:15:23 CET 2015, invoiceType=VAT) 
2015-11-17 11:15:23   [main] INFO  pl.java.scalatech.ThymeleafCamp - Invoice(super=AbstractEntity(id=13), name=grocery, paid=false, dateOfInvoice=Tue Nov 17 11:15:23 CET 2015, invoiceType=VAT) 
2015-11-17 11:15:23   [main] INFO  pl.java.scalatech.ThymeleafCamp - Invoice(super=AbstractEntity(id=14), name=shopping, paid=true, dateOfInvoice=Tue Nov 17 11:15:23 CET 2015, invoiceType=VAT) 
2015-11-17 11:15:23   [main] INFO  pl.java.scalatech.ThymeleafCamp - Invoice(super=AbstractEntity(id=15), name=petrolStation, paid=true, dateOfInvoice=Tue Nov 17 11:15:23 CET 2015, invoiceType=VAT) 
2015-11-17 11:15:23   [main] INFO  pl.java.scalatech.ThymeleafCamp - ++++!  role Role(super=AbstractEntity(id=9), role=USER) 
2015-11-17 11:15:23   [main] INFO  pl.java.scalatech.ThymeleafCamp - User(super=AbstractEntity(id=16), firstname=slawek, lastName=borowiec, email=przodownik@tlen.pl, login=przodownik, password=123, roles=[Role(super=AbstractEntity(id=9), role=USER)], ownInvoice=[Invoice(super=AbstractEntity(id=13), name=grocery, paid=false, dateOfInvoice=2015-11-17 11:15:23.501, invoiceType=VAT)], company=Company(super=AbstractEntity(id=1), name=Samsung, location=korea)) 
2015-11-17 11:15:23   [main] INFO  pl.java.scalatech.ThymeleafCamp - ++++!  role Role(super=AbstractEntity(id=9), role=USER) 
2015-11-17 11:15:23   [main] INFO  pl.java.scalatech.ThymeleafCamp - User(super=AbstractEntity(id=17), firstname=agnieszka, lastName=borowiec, email=borowiecA@tlen.pl, login=poka, password=123, roles=[Role(super=AbstractEntity(id=9), role=USER)], ownInvoice=[Invoice(super=AbstractEntity(id=13), name=grocery, paid=false, dateOfInvoice=2015-11-17 11:15:23.501, invoiceType=VAT)], company=Company(super=AbstractEntity(id=2), name=Everlast, location=usa)) 
2015-11-17 11:15:23   [main] INFO  pl.java.scalatech.ThymeleafCamp - ++++!  role Role(super=AbstractEntity(id=9), role=USER) 
2015-11-17 11:15:23   [main] INFO  pl.java.scalatech.ThymeleafCamp - User(super=AbstractEntity(id=18), firstname=kalina, lastName=borowiec, email=bbak@tlen.pl, login=bak, password=123, roles=[Role(super=AbstractEntity(id=9), role=USER)], ownInvoice=[Invoice(super=AbstractEntity(id=15), name=petrolStation, paid=true, dateOfInvoice=2015-11-17 11:15:23.505, invoiceType=VAT), Invoice(super=AbstractEntity(id=12), name=tools, paid=false, dateOfInvoice=2015-11-17 11:15:23.396, invoiceType=VAT)], company=Company(super=AbstractEntity(id=3), name=yamaha, location=japan)) 
2015-11-17 11:15:23   [main] INFO  pl.java.scalatech.ThymeleafCamp - ++++!  role Role(super=AbstractEntity(id=9), role=USER) 
2015-11-17 11:15:23   [main] INFO  pl.java.scalatech.ThymeleafCamp - User(super=AbstractEntity(id=19), firstname=piotr, lastName=kowalski, email=pkowalski@google.com, login=kowalski, password=123, roles=[Role(super=AbstractEntity(id=9), role=USER)], ownInvoice=[Invoice(super=AbstractEntity(id=14), name=shopping, paid=true, dateOfInvoice=2015-11-17 11:15:23.503, invoiceType=VAT)], company=Company(super=AbstractEntity(id=2), name=Everlast, location=usa)) 
2015-11-17 11:15:23   [main] INFO  pl.java.scalatech.ThymeleafCamp - Started ThymeleafCamp in 4.336 seconds (JVM running for 4.705) 
2015-11-17 11:15:30   [http-nio-9111-exec-1] INFO  p.j.s.w.c.HelloWorldController - +++  hello.world 
2015-11-17 11:15:32   [http-nio-9111-exec-2] INFO  p.j.s.w.c.HelloWorldController - +++  hello.world 
2015-11-17 11:15:35   [http-nio-9111-exec-3] INFO  p.j.s.w.c.HelloWorldController - +++  hello.world 
2015-11-17 11:16:27   [main] INFO  pl.java.scalatech.ThymeleafCamp - Starting ThymeleafCamp on przodownik-r1 with PID 18705 (/home/przodownik/blog/thymeleafCamp/bin started by przodownik in /home/przodownik/blog/thymeleafCamp) 
2015-11-17 11:16:31   [main] INFO  pl.java.scalatech.ThymeleafCamp - Company(super=AbstractEntity(id=1), name=Samsung, location=korea) 
2015-11-17 11:16:31   [main] INFO  pl.java.scalatech.ThymeleafCamp - Company(super=AbstractEntity(id=2), name=Everlast, location=usa) 
2015-11-17 11:16:31   [main] INFO  pl.java.scalatech.ThymeleafCamp - Company(super=AbstractEntity(id=3), name=yamaha, location=japan) 
2015-11-17 11:16:31   [main] INFO  pl.java.scalatech.ThymeleafCamp - Product(super=AbstractEntity(id=4), name=hammer, price=10, availability=true) 
2015-11-17 11:16:31   [main] INFO  pl.java.scalatech.ThymeleafCamp - Product(super=AbstractEntity(id=5), name=spoon, price=0.34, availability=false) 
2015-11-17 11:16:31   [main] INFO  pl.java.scalatech.ThymeleafCamp - Product(super=AbstractEntity(id=6), name=gun, price=123, availability=false) 
2015-11-17 11:16:31   [main] INFO  pl.java.scalatech.ThymeleafCamp - Product(super=AbstractEntity(id=7), name=fork, price=23, availability=true) 
2015-11-17 11:16:31   [main] INFO  pl.java.scalatech.ThymeleafCamp - Product(super=AbstractEntity(id=8), name=car, price=12345, availability=true) 
2015-11-17 11:16:31   [main] INFO  pl.java.scalatech.ThymeleafCamp - ++++++ roles !!!Role(super=AbstractEntity(id=9), role=USER) 
2015-11-17 11:16:31   [main] INFO  pl.java.scalatech.ThymeleafCamp - ++++++ roles !!!Role(super=AbstractEntity(id=10), role=ADMIN) 
2015-11-17 11:16:31   [main] INFO  pl.java.scalatech.ThymeleafCamp - ++++++ roles !!!Role(super=AbstractEntity(id=11), role=BUSINESS) 
2015-11-17 11:16:31   [main] INFO  pl.java.scalatech.ThymeleafCamp - Invoice(super=AbstractEntity(id=12), name=tools, paid=false, dateOfInvoice=Tue Nov 17 11:16:31 CET 2015, invoiceType=VAT) 
2015-11-17 11:16:31   [main] INFO  pl.java.scalatech.ThymeleafCamp - Invoice(super=AbstractEntity(id=13), name=grocery, paid=false, dateOfInvoice=Tue Nov 17 11:16:31 CET 2015, invoiceType=VAT) 
2015-11-17 11:16:31   [main] INFO  pl.java.scalatech.ThymeleafCamp - Invoice(super=AbstractEntity(id=14), name=shopping, paid=true, dateOfInvoice=Tue Nov 17 11:16:31 CET 2015, invoiceType=VAT) 
2015-11-17 11:16:31   [main] INFO  pl.java.scalatech.ThymeleafCamp - Invoice(super=AbstractEntity(id=15), name=petrolStation, paid=true, dateOfInvoice=Tue Nov 17 11:16:31 CET 2015, invoiceType=VAT) 
2015-11-17 11:16:31   [main] INFO  pl.java.scalatech.ThymeleafCamp - ++++!  role Role(super=AbstractEntity(id=9), role=USER) 
2015-11-17 11:16:31   [main] INFO  pl.java.scalatech.ThymeleafCamp - User(super=AbstractEntity(id=16), firstname=slawek, lastName=borowiec, email=przodownik@tlen.pl, login=przodownik, password=123, roles=[Role(super=AbstractEntity(id=9), role=USER)], ownInvoice=[Invoice(super=AbstractEntity(id=13), name=grocery, paid=false, dateOfInvoice=2015-11-17 11:16:31.29, invoiceType=VAT)], company=Company(super=AbstractEntity(id=1), name=Samsung, location=korea)) 
2015-11-17 11:16:31   [main] INFO  pl.java.scalatech.ThymeleafCamp - ++++!  role Role(super=AbstractEntity(id=9), role=USER) 
2015-11-17 11:16:31   [main] INFO  pl.java.scalatech.ThymeleafCamp - User(super=AbstractEntity(id=17), firstname=agnieszka, lastName=borowiec, email=borowiecA@tlen.pl, login=poka, password=123, roles=[Role(super=AbstractEntity(id=9), role=USER)], ownInvoice=[Invoice(super=AbstractEntity(id=13), name=grocery, paid=false, dateOfInvoice=2015-11-17 11:16:31.29, invoiceType=VAT)], company=Company(super=AbstractEntity(id=2), name=Everlast, location=usa)) 
2015-11-17 11:16:31   [main] INFO  pl.java.scalatech.ThymeleafCamp - ++++!  role Role(super=AbstractEntity(id=9), role=USER) 
2015-11-17 11:16:31   [main] INFO  pl.java.scalatech.ThymeleafCamp - User(super=AbstractEntity(id=18), firstname=kalina, lastName=borowiec, email=bbak@tlen.pl, login=bak, password=123, roles=[Role(super=AbstractEntity(id=9), role=USER)], ownInvoice=[Invoice(super=AbstractEntity(id=15), name=petrolStation, paid=true, dateOfInvoice=2015-11-17 11:16:31.294, invoiceType=VAT), Invoice(super=AbstractEntity(id=12), name=tools, paid=false, dateOfInvoice=2015-11-17 11:16:31.201, invoiceType=VAT)], company=Company(super=AbstractEntity(id=3), name=yamaha, location=japan)) 
2015-11-17 11:16:31   [main] INFO  pl.java.scalatech.ThymeleafCamp - ++++!  role Role(super=AbstractEntity(id=9), role=USER) 
2015-11-17 11:16:31   [main] INFO  pl.java.scalatech.ThymeleafCamp - User(super=AbstractEntity(id=19), firstname=piotr, lastName=kowalski, email=pkowalski@google.com, login=kowalski, password=123, roles=[Role(super=AbstractEntity(id=9), role=USER)], ownInvoice=[Invoice(super=AbstractEntity(id=14), name=shopping, paid=true, dateOfInvoice=2015-11-17 11:16:31.292, invoiceType=VAT)], company=Company(super=AbstractEntity(id=2), name=Everlast, location=usa)) 
2015-11-17 11:16:31   [main] INFO  pl.java.scalatech.ThymeleafCamp - Started ThymeleafCamp in 4.454 seconds (JVM running for 4.83) 
2015-11-17 11:16:50   [main] INFO  pl.java.scalatech.ThymeleafCamp - Starting ThymeleafCamp on przodownik-r1 with PID 18752 (/home/przodownik/blog/thymeleafCamp/bin started by przodownik in /home/przodownik/blog/thymeleafCamp) 
2015-11-17 11:16:54   [main] INFO  pl.java.scalatech.ThymeleafCamp - Company(super=AbstractEntity(id=1), name=Samsung, location=korea) 
2015-11-17 11:16:54   [main] INFO  pl.java.scalatech.ThymeleafCamp - Company(super=AbstractEntity(id=2), name=Everlast, location=usa) 
2015-11-17 11:16:54   [main] INFO  pl.java.scalatech.ThymeleafCamp - Company(super=AbstractEntity(id=3), name=yamaha, location=japan) 
2015-11-17 11:16:54   [main] INFO  pl.java.scalatech.ThymeleafCamp - Product(super=AbstractEntity(id=4), name=hammer, price=10, availability=true) 
2015-11-17 11:16:54   [main] INFO  pl.java.scalatech.ThymeleafCamp - Product(super=AbstractEntity(id=5), name=spoon, price=0.34, availability=false) 
2015-11-17 11:16:54   [main] INFO  pl.java.scalatech.ThymeleafCamp - Product(super=AbstractEntity(id=6), name=gun, price=123, availability=false) 
2015-11-17 11:16:54   [main] INFO  pl.java.scalatech.ThymeleafCamp - Product(super=AbstractEntity(id=7), name=fork, price=23, availability=true) 
2015-11-17 11:16:54   [main] INFO  pl.java.scalatech.ThymeleafCamp - Product(super=AbstractEntity(id=8), name=car, price=12345, availability=true) 
2015-11-17 11:16:54   [main] INFO  pl.java.scalatech.ThymeleafCamp - ++++++ roles !!!Role(super=AbstractEntity(id=9), role=USER) 
2015-11-17 11:16:54   [main] INFO  pl.java.scalatech.ThymeleafCamp - ++++++ roles !!!Role(super=AbstractEntity(id=10), role=ADMIN) 
2015-11-17 11:16:54   [main] INFO  pl.java.scalatech.ThymeleafCamp - ++++++ roles !!!Role(super=AbstractEntity(id=11), role=BUSINESS) 
2015-11-17 11:16:54   [main] INFO  pl.java.scalatech.ThymeleafCamp - Invoice(super=AbstractEntity(id=12), name=tools, paid=false, dateOfInvoice=Tue Nov 17 11:16:54 CET 2015, invoiceType=VAT) 
2015-11-17 11:16:54   [main] INFO  pl.java.scalatech.ThymeleafCamp - Invoice(super=AbstractEntity(id=13), name=grocery, paid=false, dateOfInvoice=Tue Nov 17 11:16:54 CET 2015, invoiceType=VAT) 
2015-11-17 11:16:54   [main] INFO  pl.java.scalatech.ThymeleafCamp - Invoice(super=AbstractEntity(id=14), name=shopping, paid=true, dateOfInvoice=Tue Nov 17 11:16:54 CET 2015, invoiceType=VAT) 
2015-11-17 11:16:54   [main] INFO  pl.java.scalatech.ThymeleafCamp - Invoice(super=AbstractEntity(id=15), name=petrolStation, paid=true, dateOfInvoice=Tue Nov 17 11:16:54 CET 2015, invoiceType=VAT) 
2015-11-17 11:16:54   [main] INFO  pl.java.scalatech.ThymeleafCamp - ++++!  role Role(super=AbstractEntity(id=9), role=USER) 
2015-11-17 11:16:54   [main] INFO  pl.java.scalatech.ThymeleafCamp - User(super=AbstractEntity(id=16), firstname=slawek, lastName=borowiec, email=przodownik@tlen.pl, login=przodownik, password=123, roles=[Role(super=AbstractEntity(id=9), role=USER)], ownInvoice=[Invoice(super=AbstractEntity(id=13), name=grocery, paid=false, dateOfInvoice=2015-11-17 11:16:54.693, invoiceType=VAT)], company=Company(super=AbstractEntity(id=1), name=Samsung, location=korea)) 
2015-11-17 11:16:54   [main] INFO  pl.java.scalatech.ThymeleafCamp - ++++!  role Role(super=AbstractEntity(id=9), role=USER) 
2015-11-17 11:16:54   [main] INFO  pl.java.scalatech.ThymeleafCamp - User(super=AbstractEntity(id=17), firstname=agnieszka, lastName=borowiec, email=borowiecA@tlen.pl, login=poka, password=123, roles=[Role(super=AbstractEntity(id=9), role=USER)], ownInvoice=[Invoice(super=AbstractEntity(id=13), name=grocery, paid=false, dateOfInvoice=2015-11-17 11:16:54.693, invoiceType=VAT)], company=Company(super=AbstractEntity(id=2), name=Everlast, location=usa)) 
2015-11-17 11:16:54   [main] INFO  pl.java.scalatech.ThymeleafCamp - ++++!  role Role(super=AbstractEntity(id=9), role=USER) 
2015-11-17 11:16:54   [main] INFO  pl.java.scalatech.ThymeleafCamp - User(super=AbstractEntity(id=18), firstname=kalina, lastName=borowiec, email=bbak@tlen.pl, login=bak, password=123, roles=[Role(super=AbstractEntity(id=9), role=USER)], ownInvoice=[Invoice(super=AbstractEntity(id=15), name=petrolStation, paid=true, dateOfInvoice=2015-11-17 11:16:54.697, invoiceType=VAT), Invoice(super=AbstractEntity(id=12), name=tools, paid=false, dateOfInvoice=2015-11-17 11:16:54.593, invoiceType=VAT)], company=Company(super=AbstractEntity(id=3), name=yamaha, location=japan)) 
2015-11-17 11:16:54   [main] INFO  pl.java.scalatech.ThymeleafCamp - ++++!  role Role(super=AbstractEntity(id=9), role=USER) 
2015-11-17 11:16:54   [main] INFO  pl.java.scalatech.ThymeleafCamp - User(super=AbstractEntity(id=19), firstname=piotr, lastName=kowalski, email=pkowalski@google.com, login=kowalski, password=123, roles=[Role(super=AbstractEntity(id=9), role=USER)], ownInvoice=[Invoice(super=AbstractEntity(id=14), name=shopping, paid=true, dateOfInvoice=2015-11-17 11:16:54.695, invoiceType=VAT)], company=Company(super=AbstractEntity(id=2), name=Everlast, location=usa)) 
2015-11-17 11:16:54   [main] INFO  pl.java.scalatech.ThymeleafCamp - Started ThymeleafCamp in 4.037 seconds (JVM running for 4.398) 
2015-11-17 11:17:46   [main] INFO  pl.java.scalatech.ThymeleafCamp - Starting ThymeleafCamp on przodownik-r1 with PID 18836 (/home/przodownik/blog/thymeleafCamp/bin started by przodownik in /home/przodownik/blog/thymeleafCamp) 
2015-11-17 11:17:50   [main] INFO  pl.java.scalatech.ThymeleafCamp - Company(super=AbstractEntity(id=1), name=Samsung, location=korea) 
2015-11-17 11:17:50   [main] INFO  pl.java.scalatech.ThymeleafCamp - Company(super=AbstractEntity(id=2), name=Everlast, location=usa) 
2015-11-17 11:17:50   [main] INFO  pl.java.scalatech.ThymeleafCamp - Company(super=AbstractEntity(id=3), name=yamaha, location=japan) 
2015-11-17 11:17:50   [main] INFO  pl.java.scalatech.ThymeleafCamp - Product(super=AbstractEntity(id=4), name=hammer, price=10, availability=true) 
2015-11-17 11:17:50   [main] INFO  pl.java.scalatech.ThymeleafCamp - Product(super=AbstractEntity(id=5), name=spoon, price=0.34, availability=false) 
2015-11-17 11:17:50   [main] INFO  pl.java.scalatech.ThymeleafCamp - Product(super=AbstractEntity(id=6), name=gun, price=123, availability=false) 
2015-11-17 11:17:50   [main] INFO  pl.java.scalatech.ThymeleafCamp - Product(super=AbstractEntity(id=7), name=fork, price=23, availability=true) 
2015-11-17 11:17:50   [main] INFO  pl.java.scalatech.ThymeleafCamp - Product(super=AbstractEntity(id=8), name=car, price=12345, availability=true) 
2015-11-17 11:17:50   [main] INFO  pl.java.scalatech.ThymeleafCamp - ++++++ roles !!!Role(super=AbstractEntity(id=9), role=USER) 
2015-11-17 11:17:50   [main] INFO  pl.java.scalatech.ThymeleafCamp - ++++++ roles !!!Role(super=AbstractEntity(id=10), role=ADMIN) 
2015-11-17 11:17:50   [main] INFO  pl.java.scalatech.ThymeleafCamp - ++++++ roles !!!Role(super=AbstractEntity(id=11), role=BUSINESS) 
2015-11-17 11:17:50   [main] INFO  pl.java.scalatech.ThymeleafCamp - Invoice(super=AbstractEntity(id=12), name=tools, paid=false, dateOfInvoice=Tue Nov 17 11:17:50 CET 2015, invoiceType=VAT) 
2015-11-17 11:17:50   [main] INFO  pl.java.scalatech.ThymeleafCamp - Invoice(super=AbstractEntity(id=13), name=grocery, paid=false, dateOfInvoice=Tue Nov 17 11:17:50 CET 2015, invoiceType=VAT) 
2015-11-17 11:17:50   [main] INFO  pl.java.scalatech.ThymeleafCamp - Invoice(super=AbstractEntity(id=14), name=shopping, paid=true, dateOfInvoice=Tue Nov 17 11:17:50 CET 2015, invoiceType=VAT) 
2015-11-17 11:17:50   [main] INFO  pl.java.scalatech.ThymeleafCamp - Invoice(super=AbstractEntity(id=15), name=petrolStation, paid=true, dateOfInvoice=Tue Nov 17 11:17:50 CET 2015, invoiceType=VAT) 
2015-11-17 11:17:50   [main] INFO  pl.java.scalatech.ThymeleafCamp - ++++!  role Role(super=AbstractEntity(id=9), role=USER) 
2015-11-17 11:17:50   [main] INFO  pl.java.scalatech.ThymeleafCamp - User(super=AbstractEntity(id=16), firstname=slawek, lastName=borowiec, email=przodownik@tlen.pl, login=przodownik, password=123, roles=[Role(super=AbstractEntity(id=9), role=USER)], ownInvoice=[Invoice(super=AbstractEntity(id=13), name=grocery, paid=false, dateOfInvoice=2015-11-17 11:17:50.792, invoiceType=VAT)], company=Company(super=AbstractEntity(id=1), name=Samsung, location=korea)) 
2015-11-17 11:17:50   [main] INFO  pl.java.scalatech.ThymeleafCamp - ++++!  role Role(super=AbstractEntity(id=9), role=USER) 
2015-11-17 11:17:50   [main] INFO  pl.java.scalatech.ThymeleafCamp - User(super=AbstractEntity(id=17), firstname=agnieszka, lastName=borowiec, email=borowiecA@tlen.pl, login=poka, password=123, roles=[Role(super=AbstractEntity(id=9), role=USER)], ownInvoice=[Invoice(super=AbstractEntity(id=13), name=grocery, paid=false, dateOfInvoice=2015-11-17 11:17:50.792, invoiceType=VAT)], company=Company(super=AbstractEntity(id=2), name=Everlast, location=usa)) 
2015-11-17 11:17:50   [main] INFO  pl.java.scalatech.ThymeleafCamp - ++++!  role Role(super=AbstractEntity(id=9), role=USER) 
2015-11-17 11:17:50   [main] INFO  pl.java.scalatech.ThymeleafCamp - User(super=AbstractEntity(id=18), firstname=kalina, lastName=borowiec, email=bbak@tlen.pl, login=bak, password=123, roles=[Role(super=AbstractEntity(id=9), role=USER)], ownInvoice=[Invoice(super=AbstractEntity(id=15), name=petrolStation, paid=true, dateOfInvoice=2015-11-17 11:17:50.797, invoiceType=VAT), Invoice(super=AbstractEntity(id=12), name=tools, paid=false, dateOfInvoice=2015-11-17 11:17:50.686, invoiceType=VAT)], company=Company(super=AbstractEntity(id=3), name=yamaha, location=japan)) 
2015-11-17 11:17:50   [main] INFO  pl.java.scalatech.ThymeleafCamp - ++++!  role Role(super=AbstractEntity(id=9), role=USER) 
2015-11-17 11:17:50   [main] INFO  pl.java.scalatech.ThymeleafCamp - User(super=AbstractEntity(id=19), firstname=piotr, lastName=kowalski, email=pkowalski@google.com, login=kowalski, password=123, roles=[Role(super=AbstractEntity(id=9), role=USER)], ownInvoice=[Invoice(super=AbstractEntity(id=14), name=shopping, paid=true, dateOfInvoice=2015-11-17 11:17:50.795, invoiceType=VAT)], company=Company(super=AbstractEntity(id=2), name=Everlast, location=usa)) 
2015-11-17 11:17:50   [main] INFO  pl.java.scalatech.ThymeleafCamp - Started ThymeleafCamp in 4.413 seconds (JVM running for 4.757) 
2015-11-17 11:17:56   [http-nio-9111-exec-1] INFO  p.j.s.w.c.HelloWorldController - +++  slawek start 
2015-11-17 11:18:03   [http-nio-9111-exec-2] INFO  p.j.s.w.c.HelloWorldController - +++  slawek start 
2015-11-17 11:18:06   [http-nio-9111-exec-3] INFO  p.j.s.w.c.HelloWorldController - +++  slawek start 
2015-11-17 11:18:31   [http-nio-9111-exec-4] INFO  p.j.s.w.c.HelloWorldController - +++  slawek start 
2015-11-17 11:19:58   [main] INFO  pl.java.scalatech.ThymeleafCamp - Starting ThymeleafCamp on przodownik-r1 with PID 18978 (/home/przodownik/blog/thymeleafCamp/bin started by przodownik in /home/przodownik/blog/thymeleafCamp) 
2015-11-17 11:20:02   [main] INFO  pl.java.scalatech.ThymeleafCamp - Company(super=AbstractEntity(id=1), name=Samsung, location=korea) 
2015-11-17 11:20:02   [main] INFO  pl.java.scalatech.ThymeleafCamp - Company(super=AbstractEntity(id=2), name=Everlast, location=usa) 
2015-11-17 11:20:02   [main] INFO  pl.java.scalatech.ThymeleafCamp - Company(super=AbstractEntity(id=3), name=yamaha, location=japan) 
2015-11-17 11:20:02   [main] INFO  pl.java.scalatech.ThymeleafCamp - Product(super=AbstractEntity(id=4), name=hammer, price=10, availability=true) 
2015-11-17 11:20:02   [main] INFO  pl.java.scalatech.ThymeleafCamp - Product(super=AbstractEntity(id=5), name=spoon, price=0.34, availability=false) 
2015-11-17 11:20:02   [main] INFO  pl.java.scalatech.ThymeleafCamp - Product(super=AbstractEntity(id=6), name=gun, price=123, availability=false) 
2015-11-17 11:20:02   [main] INFO  pl.java.scalatech.ThymeleafCamp - Product(super=AbstractEntity(id=7), name=fork, price=23, availability=true) 
2015-11-17 11:20:02   [main] INFO  pl.java.scalatech.ThymeleafCamp - Product(super=AbstractEntity(id=8), name=car, price=12345, availability=true) 
2015-11-17 11:20:02   [main] INFO  pl.java.scalatech.ThymeleafCamp - ++++++ roles !!!Role(super=AbstractEntity(id=9), role=USER) 
2015-11-17 11:20:02   [main] INFO  pl.java.scalatech.ThymeleafCamp - ++++++ roles !!!Role(super=AbstractEntity(id=10), role=ADMIN) 
2015-11-17 11:20:02   [main] INFO  pl.java.scalatech.ThymeleafCamp - ++++++ roles !!!Role(super=AbstractEntity(id=11), role=BUSINESS) 
2015-11-17 11:20:02   [main] INFO  pl.java.scalatech.ThymeleafCamp - Invoice(super=AbstractEntity(id=12), name=tools, paid=false, dateOfInvoice=Tue Nov 17 11:20:02 CET 2015, invoiceType=VAT) 
2015-11-17 11:20:02   [main] INFO  pl.java.scalatech.ThymeleafCamp - Invoice(super=AbstractEntity(id=13), name=grocery, paid=false, dateOfInvoice=Tue Nov 17 11:20:02 CET 2015, invoiceType=VAT) 
2015-11-17 11:20:02   [main] INFO  pl.java.scalatech.ThymeleafCamp - Invoice(super=AbstractEntity(id=14), name=shopping, paid=true, dateOfInvoice=Tue Nov 17 11:20:02 CET 2015, invoiceType=VAT) 
2015-11-17 11:20:02   [main] INFO  pl.java.scalatech.ThymeleafCamp - Invoice(super=AbstractEntity(id=15), name=petrolStation, paid=true, dateOfInvoice=Tue Nov 17 11:20:02 CET 2015, invoiceType=VAT) 
2015-11-17 11:20:02   [main] INFO  pl.java.scalatech.ThymeleafCamp - ++++!  role Role(super=AbstractEntity(id=9), role=USER) 
2015-11-17 11:20:02   [main] INFO  pl.java.scalatech.ThymeleafCamp - User(super=AbstractEntity(id=16), firstname=slawek, lastName=borowiec, email=przodownik@tlen.pl, login=przodownik, password=123, roles=[Role(super=AbstractEntity(id=9), role=USER)], ownInvoice=[Invoice(super=AbstractEntity(id=13), name=grocery, paid=false, dateOfInvoice=2015-11-17 11:20:02.227, invoiceType=VAT)], company=Company(super=AbstractEntity(id=1), name=Samsung, location=korea)) 
2015-11-17 11:20:02   [main] INFO  pl.java.scalatech.ThymeleafCamp - ++++!  role Role(super=AbstractEntity(id=9), role=USER) 
2015-11-17 11:20:02   [main] INFO  pl.java.scalatech.ThymeleafCamp - User(super=AbstractEntity(id=17), firstname=agnieszka, lastName=borowiec, email=borowiecA@tlen.pl, login=poka, password=123, roles=[Role(super=AbstractEntity(id=9), role=USER)], ownInvoice=[Invoice(super=AbstractEntity(id=13), name=grocery, paid=false, dateOfInvoice=2015-11-17 11:20:02.227, invoiceType=VAT)], company=Company(super=AbstractEntity(id=2), name=Everlast, location=usa)) 
2015-11-17 11:20:02   [main] INFO  pl.java.scalatech.ThymeleafCamp - ++++!  role Role(super=AbstractEntity(id=9), role=USER) 
2015-11-17 11:20:02   [main] INFO  pl.java.scalatech.ThymeleafCamp - User(super=AbstractEntity(id=18), firstname=kalina, lastName=borowiec, email=bbak@tlen.pl, login=bak, password=123, roles=[Role(super=AbstractEntity(id=9), role=USER)], ownInvoice=[Invoice(super=AbstractEntity(id=15), name=petrolStation, paid=true, dateOfInvoice=2015-11-17 11:20:02.232, invoiceType=VAT), Invoice(super=AbstractEntity(id=12), name=tools, paid=false, dateOfInvoice=2015-11-17 11:20:02.141, invoiceType=VAT)], company=Company(super=AbstractEntity(id=3), name=yamaha, location=japan)) 
2015-11-17 11:20:02   [main] INFO  pl.java.scalatech.ThymeleafCamp - ++++!  role Role(super=AbstractEntity(id=9), role=USER) 
2015-11-17 11:20:02   [main] INFO  pl.java.scalatech.ThymeleafCamp - User(super=AbstractEntity(id=19), firstname=piotr, lastName=kowalski, email=pkowalski@google.com, login=kowalski, password=123, roles=[Role(super=AbstractEntity(id=9), role=USER)], ownInvoice=[Invoice(super=AbstractEntity(id=14), name=shopping, paid=true, dateOfInvoice=2015-11-17 11:20:02.23, invoiceType=VAT)], company=Company(super=AbstractEntity(id=2), name=Everlast, location=usa)) 
2015-11-17 11:20:02   [main] INFO  pl.java.scalatech.ThymeleafCamp - Started ThymeleafCamp in 4.073 seconds (JVM running for 4.401) 
2015-11-17 11:20:09   [http-nio-9111-exec-1] INFO  p.j.s.w.c.HelloWorldController - +++  slawek hello 
2015-11-17 11:20:13   [http-nio-9111-exec-2] INFO  p.j.s.w.c.HelloWorldController - +++  slawek start 
2015-11-17 11:21:14   [http-nio-9111-exec-3] INFO  p.j.s.w.c.HelloWorldController - +++  slawek start 
2015-11-17 11:21:16   [http-nio-9111-exec-4] INFO  p.j.s.w.c.HelloWorldController - +++  slawek start 
2015-11-17 11:21:16   [http-nio-9111-exec-5] INFO  p.j.s.w.c.HelloWorldController - +++  slawek start 
2015-11-17 11:21:16   [http-nio-9111-exec-6] INFO  p.j.s.w.c.HelloWorldController - +++  slawek start 
2015-11-17 11:37:23   [http-nio-9111-exec-7] INFO  p.j.s.w.c.HelloWorldController - +++  slawek start 
2015-11-17 11:57:48   [http-nio-9111-exec-8] INFO  p.j.s.w.c.HelloWorldController - +++  slawek start 
2015-11-17 11:57:49   [http-nio-9111-exec-9] INFO  p.j.s.w.c.HelloWorldController - +++  slawek start 
2015-11-17 11:57:52   [http-nio-9111-exec-10] INFO  p.j.s.w.c.HelloWorldController - +++  slawek start 
2015-11-17 11:58:40   [http-nio-9111-exec-1] INFO  p.j.s.w.c.HelloWorldController - +++  slawek start 
2015-11-17 11:58:41   [http-nio-9111-exec-2] INFO  p.j.s.w.c.HelloWorldController - +++  slawek start 
2015-11-17 11:58:42   [http-nio-9111-exec-3] INFO  p.j.s.w.c.HelloWorldController - +++  slawek start 
2015-11-17 11:58:42   [http-nio-9111-exec-4] INFO  p.j.s.w.c.HelloWorldController - +++  slawek start 
2015-11-17 11:58:42   [http-nio-9111-exec-5] INFO  p.j.s.w.c.HelloWorldController - +++  slawek start 
2015-11-17 11:58:43   [http-nio-9111-exec-6] INFO  p.j.s.w.c.HelloWorldController - +++  slawek start 
2015-11-17 11:58:43   [http-nio-9111-exec-7] INFO  p.j.s.w.c.HelloWorldController - +++  slawek start 
2015-11-17 11:58:43   [http-nio-9111-exec-8] INFO  p.j.s.w.c.HelloWorldController - +++  slawek start 
2015-11-17 11:58:43   [http-nio-9111-exec-9] INFO  p.j.s.w.c.HelloWorldController - +++  slawek start 
2015-11-17 11:58:44   [http-nio-9111-exec-10] INFO  p.j.s.w.c.HelloWorldController - +++  slawek start 
2015-11-17 11:59:02   [http-nio-9111-exec-1] INFO  p.j.s.w.c.HelloWorldController - +++  slawek start 
2015-11-17 11:59:04   [http-nio-9111-exec-2] INFO  p.j.s.w.c.HelloWorldController - +++  slawek start 
2015-11-17 11:59:11   [http-nio-9111-exec-3] INFO  p.j.s.w.c.HelloWorldController - +++  slawek start 
2015-11-17 12:01:31   [main] INFO  pl.java.scalatech.ThymeleafCamp - Starting ThymeleafCamp on przodownik-r1 with PID 20918 (/home/przodownik/blog/thymeleafCamp/bin started by przodownik in /home/przodownik/blog/thymeleafCamp) 
2015-11-17 12:01:35   [main] INFO  pl.java.scalatech.ThymeleafCamp - Company(super=AbstractEntity(id=1), name=Samsung, location=korea) 
2015-11-17 12:01:35   [main] INFO  pl.java.scalatech.ThymeleafCamp - Company(super=AbstractEntity(id=2), name=Everlast, location=usa) 
2015-11-17 12:01:35   [main] INFO  pl.java.scalatech.ThymeleafCamp - Company(super=AbstractEntity(id=3), name=yamaha, location=japan) 
2015-11-17 12:01:35   [main] INFO  pl.java.scalatech.ThymeleafCamp - Product(super=AbstractEntity(id=4), name=hammer, price=10, availability=true) 
2015-11-17 12:01:35   [main] INFO  pl.java.scalatech.ThymeleafCamp - Product(super=AbstractEntity(id=5), name=spoon, price=0.34, availability=false) 
2015-11-17 12:01:35   [main] INFO  pl.java.scalatech.ThymeleafCamp - Product(super=AbstractEntity(id=6), name=gun, price=123, availability=false) 
2015-11-17 12:01:35   [main] INFO  pl.java.scalatech.ThymeleafCamp - Product(super=AbstractEntity(id=7), name=fork, price=23, availability=true) 
2015-11-17 12:01:35   [main] INFO  pl.java.scalatech.ThymeleafCamp - Product(super=AbstractEntity(id=8), name=car, price=12345, availability=true) 
2015-11-17 12:01:35   [main] INFO  pl.java.scalatech.ThymeleafCamp - ++++++ roles !!!Role(super=AbstractEntity(id=9), role=USER) 
2015-11-17 12:01:36   [main] INFO  pl.java.scalatech.ThymeleafCamp - ++++++ roles !!!Role(super=AbstractEntity(id=10), role=ADMIN) 
2015-11-17 12:01:36   [main] INFO  pl.java.scalatech.ThymeleafCamp - ++++++ roles !!!Role(super=AbstractEntity(id=11), role=BUSINESS) 
2015-11-17 12:01:36   [main] INFO  pl.java.scalatech.ThymeleafCamp - Invoice(super=AbstractEntity(id=12), name=tools, paid=false, dateOfInvoice=Tue Nov 17 12:01:36 CET 2015, invoiceType=VAT) 
2015-11-17 12:01:36   [main] INFO  pl.java.scalatech.ThymeleafCamp - Invoice(super=AbstractEntity(id=13), name=grocery, paid=false, dateOfInvoice=Tue Nov 17 12:01:36 CET 2015, invoiceType=VAT) 
2015-11-17 12:01:36   [main] INFO  pl.java.scalatech.ThymeleafCamp - Invoice(super=AbstractEntity(id=14), name=shopping, paid=true, dateOfInvoice=Tue Nov 17 12:01:36 CET 2015, invoiceType=VAT) 
2015-11-17 12:01:36   [main] INFO  pl.java.scalatech.ThymeleafCamp - Invoice(super=AbstractEntity(id=15), name=petrolStation, paid=true, dateOfInvoice=Tue Nov 17 12:01:36 CET 2015, invoiceType=VAT) 
2015-11-17 12:01:36   [main] INFO  pl.java.scalatech.ThymeleafCamp - ++++!  role Role(super=AbstractEntity(id=9), role=USER) 
2015-11-17 12:01:36   [main] INFO  pl.java.scalatech.ThymeleafCamp - User(super=AbstractEntity(id=16), firstname=slawek, lastName=borowiec, email=przodownik@tlen.pl, login=przodownik, password=123, roles=[Role(super=AbstractEntity(id=9), role=USER)], ownInvoice=[Invoice(super=AbstractEntity(id=13), name=grocery, paid=false, dateOfInvoice=2015-11-17 12:01:36.125, invoiceType=VAT)], company=Company(super=AbstractEntity(id=1), name=Samsung, location=korea)) 
2015-11-17 12:01:36   [main] INFO  pl.java.scalatech.ThymeleafCamp - ++++!  role Role(super=AbstractEntity(id=9), role=USER) 
2015-11-17 12:01:36   [main] INFO  pl.java.scalatech.ThymeleafCamp - User(super=AbstractEntity(id=17), firstname=agnieszka, lastName=borowiec, email=borowiecA@tlen.pl, login=poka, password=123, roles=[Role(super=AbstractEntity(id=9), role=USER)], ownInvoice=[Invoice(super=AbstractEntity(id=13), name=grocery, paid=false, dateOfInvoice=2015-11-17 12:01:36.125, invoiceType=VAT)], company=Company(super=AbstractEntity(id=2), name=Everlast, location=usa)) 
2015-11-17 12:01:36   [main] INFO  pl.java.scalatech.ThymeleafCamp - ++++!  role Role(super=AbstractEntity(id=9), role=USER) 
2015-11-17 12:01:36   [main] INFO  pl.java.scalatech.ThymeleafCamp - User(super=AbstractEntity(id=18), firstname=kalina, lastName=borowiec, email=bbak@tlen.pl, login=bak, password=123, roles=[Role(super=AbstractEntity(id=9), role=USER)], ownInvoice=[Invoice(super=AbstractEntity(id=15), name=petrolStation, paid=true, dateOfInvoice=2015-11-17 12:01:36.13, invoiceType=VAT), Invoice(super=AbstractEntity(id=12), name=tools, paid=false, dateOfInvoice=2015-11-17 12:01:36.002, invoiceType=VAT)], company=Company(super=AbstractEntity(id=3), name=yamaha, location=japan)) 
2015-11-17 12:01:36   [main] INFO  pl.java.scalatech.ThymeleafCamp - ++++!  role Role(super=AbstractEntity(id=9), role=USER) 
2015-11-17 12:01:36   [main] INFO  pl.java.scalatech.ThymeleafCamp - User(super=AbstractEntity(id=19), firstname=piotr, lastName=kowalski, email=pkowalski@google.com, login=kowalski, password=123, roles=[Role(super=AbstractEntity(id=9), role=USER)], ownInvoice=[Invoice(super=AbstractEntity(id=14), name=shopping, paid=true, dateOfInvoice=2015-11-17 12:01:36.128, invoiceType=VAT)], company=Company(super=AbstractEntity(id=2), name=Everlast, location=usa)) 
2015-11-17 12:01:36   [main] INFO  pl.java.scalatech.ThymeleafCamp - Started ThymeleafCamp in 4.587 seconds (JVM running for 4.941) 
2015-11-17 12:01:40   [http-nio-9111-exec-1] INFO  p.j.s.w.c.HelloWorldController - +++  slawek start 
2015-11-17 12:02:19   [http-nio-9111-exec-2] INFO  p.j.s.w.c.HelloWorldController - +++  slawek start 
2015-11-17 12:03:24   [http-nio-9111-exec-7] INFO  p.j.s.w.c.HelloWorldController - +++  slawek start 
2015-11-17 12:03:24   [http-nio-9111-exec-8] INFO  p.j.s.w.c.HelloWorldController - +++  slawek start 
2015-11-17 12:03:54   [http-nio-9111-exec-3] INFO  p.j.s.w.c.HelloWorldController - +++  slawek start 
2015-11-17 12:06:04   [http-nio-9111-exec-9] INFO  p.j.s.w.c.HelloWorldController - +++  slawek start 
